<?xml version="1.0" encoding="UTF-8" ?>
<testsuite tests="13" failures="9" name="TestSuite" time="266.375" errors="0" skipped="0">
  <properties>
    <property name="java.runtime.name" value="Java(TM) SE Runtime Environment"/>
    <property name="sun.boot.library.path" value="C:\Program Files\Java\jre1.8.0_161\bin"/>
    <property name="java.vm.version" value="25.161-b12"/>
    <property name="java.vm.vendor" value="Oracle Corporation"/>
    <property name="java.vendor.url" value="http://java.oracle.com/"/>
    <property name="path.separator" value=";"/>
    <property name="java.vm.name" value="Java HotSpot(TM) 64-Bit Server VM"/>
    <property name="file.encoding.pkg" value="sun.io"/>
    <property name="user.script" value=""/>
    <property name="user.country" value="CN"/>
    <property name="sun.java.launcher" value="SUN_STANDARD"/>
    <property name="sun.os.patch.level" value=""/>
    <property name="java.vm.specification.name" value="Java Virtual Machine Specification"/>
    <property name="user.dir" value="C:\Users\admin\git\ui\uiweb\target"/>
    <property name="java.runtime.version" value="1.8.0_161-b12"/>
    <property name="java.awt.graphicsenv" value="sun.awt.Win32GraphicsEnvironment"/>
    <property name="basedir" value="C:\Users\admin\git\ui\uiweb"/>
    <property name="java.endorsed.dirs" value="C:\Program Files\Java\jre1.8.0_161\lib\endorsed"/>
    <property name="os.arch" value="amd64"/>
    <property name="surefire.real.class.path" value="C:\Users\admin\AppData\Local\Temp\surefirebooter8931820319142860822.jar"/>
    <property name="java.io.tmpdir" value="C:\Users\admin\AppData\Local\Temp\"/>
    <property name="line.separator" value="
"/>
    <property name="java.vm.specification.vendor" value="Oracle Corporation"/>
    <property name="user.variant" value=""/>
    <property name="os.name" value="Windows 10"/>
    <property name="sun.jnu.encoding" value="GBK"/>
    <property name="jnidispatch.path" value="C:\Users\admin\AppData\Local\Temp\jna-92668751\jna6568306008509929793.dll"/>
    <property name="java.library.path" value="C:\Program Files\Java\jre1.8.0_161\bin;C:\WINDOWS\Sun\Java\bin;C:\WINDOWS\system32;C:\WINDOWS;C:/Program Files/Java/jre1.8.0_161/bin/server;C:/Program Files/Java/jre1.8.0_161/bin;C:/Program Files/Java/jre1.8.0_161/lib/amd64;C:\ProgramData\Oracle\Java\javapath;C:\Program Files (x86)\Intel\iCLS Client\;C:\Program Files\Intel\iCLS Client\;C:\Windows\system32;C:\Windows;C:\Windows\System32\Wbem;C:\Windows\System32\WindowsPowerShell\v1.0\;C:\Program Files (x86)\Intel\Intel(R) Management Engine Components\DAL;C:\Program Files\Intel\Intel(R) Management Engine Components\DAL;C:\Program Files (x86)\Intel\Intel(R) Management Engine Components\IPT;C:\Program Files\Intel\Intel(R) Management Engine Components\IPT;C:\Program Files (x86)\NVIDIA Corporation\PhysX\Common;C:\Program Files\Java\jdk1.7.0_80\bin;C:\Program Files\Java\jre7\bin;C:\Users\admin\AppData\Local\Programs\Python\Python35;D:\java\apache-maven-3.5.2\bin;&quot;D:\programs\java\jdk1.8;\bin;D:\programs\java\jdk1.8;\jre\bin;&quot;;C:\WINDOWS\system32;C:\WINDOWS;C:\WINDOWS\System32\Wbem;C:\WINDOWS\System32\WindowsPowerShell\v1.0\;&quot;D:\jmeter\jmeter3.2\apache-jmeter-3.2\lib\ext\ApacheJMeter_core.jar;D:\jmeter\jmeter3.2\apache-jmeter-3.2\lib\jorphan.jar;&quot;;D:\programs\mysqlserver\bin;D:\programs\node.js\;D:\programs\Microsoft VS Code\bin;D:\mall\Git\cmd;C:\Users\admin\AppData\Local\Microsoft\WindowsApps;;C:\Users\admin\AppData\Local\Programs\Fiddler;C:\Users\admin\AppData\Local\Microsoft\WindowsApps;C:\Users\admin\AppData\Roaming\npm;C:\Users\admin\Desktop;;."/>
    <property name="surefire.test.class.path" value="C:\Users\admin\git\ui\uiweb\target\test-classes;C:\Users\admin\git\ui\uiweb\target\classes;C:\Users\admin\.m2\repository\commons-net\commons-net\3.1\commons-net-3.1.jar;C:\Users\admin\git\ui\uiweb\libs\reportng-1.1.9.jar;C:\Users\admin\git\ui\uiweb\libs\velocity-1.7-dep.jar;C:\Users\admin\.m2\repository\javax\mail\mail\1.4.7\mail-1.4.7.jar;C:\Users\admin\.m2\repository\javax\activation\activation\1.1\activation-1.1.jar;C:\Users\admin\.m2\repository\com\aventstack\extentreports\3.0.3\extentreports-3.0.3.jar;C:\Users\admin\.m2\repository\org\freemarker\freemarker\2.3.23\freemarker-2.3.23.jar;C:\Users\admin\.m2\repository\org\mongodb\mongodb-driver\3.3.0\mongodb-driver-3.3.0.jar;C:\Users\admin\.m2\repository\org\mongodb\bson\3.3.0\bson-3.3.0.jar;C:\Users\admin\.m2\repository\org\mongodb\mongodb-driver-core\3.3.0\mongodb-driver-core-3.3.0.jar;C:\Users\admin\.m2\repository\org\apache\httpcomponents\httpclient\4.5.2\httpclient-4.5.2.jar;C:\Users\admin\.m2\repository\org\apache\httpcomponents\httpcore\4.4.4\httpcore-4.4.4.jar;C:\Users\admin\.m2\repository\org\apache\httpcomponents\httpmime\4.5.2\httpmime-4.5.2.jar;C:\Users\admin\.m2\repository\org\jsoup\jsoup\1.9.2\jsoup-1.9.2.jar;C:\Users\admin\.m2\repository\org\testng\testng\6.8\testng-6.8.jar;C:\Users\admin\.m2\repository\junit\junit\4.10\junit-4.10.jar;C:\Users\admin\.m2\repository\org\hamcrest\hamcrest-core\1.1\hamcrest-core-1.1.jar;C:\Users\admin\.m2\repository\org\beanshell\bsh\2.0b4\bsh-2.0b4.jar;C:\Users\admin\.m2\repository\com\beust\jcommander\1.27\jcommander-1.27.jar;C:\Users\admin\.m2\repository\org\yaml\snakeyaml\1.6\snakeyaml-1.6.jar;C:\Users\admin\.m2\repository\org\apache\commons\commons-lang3\3.4\commons-lang3-3.4.jar;C:\Users\admin\.m2\repository\log4j\log4j\1.2.16\log4j-1.2.16.jar;C:\Users\admin\.m2\repository\org\seleniumhq\selenium\selenium-java\2.53.0\selenium-java-2.53.0.jar;C:\Users\admin\.m2\repository\org\seleniumhq\selenium\selenium-chrome-driver\2.53.0\selenium-chrome-driver-2.53.0.jar;C:\Users\admin\.m2\repository\org\seleniumhq\selenium\selenium-remote-driver\2.53.0\selenium-remote-driver-2.53.0.jar;C:\Users\admin\.m2\repository\cglib\cglib-nodep\2.1_3\cglib-nodep-2.1_3.jar;C:\Users\admin\.m2\repository\org\seleniumhq\selenium\selenium-api\2.53.0\selenium-api-2.53.0.jar;C:\Users\admin\.m2\repository\org\seleniumhq\selenium\selenium-edge-driver\2.53.0\selenium-edge-driver-2.53.0.jar;C:\Users\admin\.m2\repository\commons-io\commons-io\2.4\commons-io-2.4.jar;C:\Users\admin\.m2\repository\org\apache\commons\commons-exec\1.3\commons-exec-1.3.jar;C:\Users\admin\.m2\repository\org\seleniumhq\selenium\selenium-firefox-driver\2.53.0\selenium-firefox-driver-2.53.0.jar;C:\Users\admin\.m2\repository\org\seleniumhq\selenium\selenium-ie-driver\2.53.0\selenium-ie-driver-2.53.0.jar;C:\Users\admin\.m2\repository\net\java\dev\jna\jna\4.1.0\jna-4.1.0.jar;C:\Users\admin\.m2\repository\net\java\dev\jna\jna-platform\4.1.0\jna-platform-4.1.0.jar;C:\Users\admin\.m2\repository\org\seleniumhq\selenium\selenium-safari-driver\2.53.0\selenium-safari-driver-2.53.0.jar;C:\Users\admin\.m2\repository\io\netty\netty\3.5.7.Final\netty-3.5.7.Final.jar;C:\Users\admin\.m2\repository\org\seleniumhq\selenium\selenium-support\2.53.0\selenium-support-2.53.0.jar;C:\Users\admin\.m2\repository\org\seleniumhq\selenium\selenium-leg-rc\2.53.0\selenium-leg-rc-2.53.0.jar;C:\Users\admin\.m2\repository\com\thoughtworks\qdox\qdox\1.12.1\qdox-1.12.1.jar;C:\Users\admin\.m2\repository\io\appium\java-client\3.3.0\java-client-3.3.0.jar;C:\Users\admin\.m2\repository\com\google\code\gson\gson\2.2.4\gson-2.2.4.jar;C:\Users\admin\.m2\repository\com\google\guava\guava\17.0\guava-17.0.jar;C:\Users\admin\.m2\repository\cglib\cglib\3.1\cglib-3.1.jar;C:\Users\admin\.m2\repository\org\ow2\asm\asm\4.2\asm-4.2.jar;C:\Users\admin\.m2\repository\commons-validator\commons-validator\1.4.1\commons-validator-1.4.1.jar;C:\Users\admin\.m2\repository\commons-beanutils\commons-beanutils\1.8.3\commons-beanutils-1.8.3.jar;C:\Users\admin\.m2\repository\commons-digester\commons-digester\1.8.1\commons-digester-1.8.1.jar;C:\Users\admin\.m2\repository\commons-collections\commons-collections\3.2.1\commons-collections-3.2.1.jar;C:\Users\admin\.m2\repository\au\com\bytecode\opencsv\2.4\opencsv-2.4.jar;C:\Users\admin\.m2\repository\commons-httpclient\commons-httpclient\3.0\commons-httpclient-3.0.jar;C:\Users\admin\.m2\repository\commons-logging\commons-logging\1.0.3\commons-logging-1.0.3.jar;C:\Users\admin\.m2\repository\commons-codec\commons-codec\1.2\commons-codec-1.2.jar;C:\Users\admin\.m2\repository\com\google\inject\guice\4.0\guice-4.0.jar;C:\Users\admin\.m2\repository\javax\inject\javax.inject\1\javax.inject-1.jar;C:\Users\admin\.m2\repository\aopalliance\aopalliance\1.0\aopalliance-1.0.jar;C:\Users\admin\.m2\repository\mysql\mysql-connector-java\5.1.33\mysql-connector-java-5.1.33.jar;C:\Users\admin\.m2\repository\dom4j\dom4j\1.6.1\dom4j-1.6.1.jar;C:\Users\admin\.m2\repository\xml-apis\xml-apis\1.0.b2\xml-apis-1.0.b2.jar;C:\Users\admin\.m2\repository\org\apache\poi\poi-ooxml\3.16\poi-ooxml-3.16.jar;C:\Users\admin\.m2\repository\org\apache\poi\poi\3.16\poi-3.16.jar;C:\Users\admin\.m2\repository\org\apache\commons\commons-collections4\4.1\commons-collections4-4.1.jar;C:\Users\admin\.m2\repository\org\apache\poi\poi-ooxml-schemas\3.16\poi-ooxml-schemas-3.16.jar;C:\Users\admin\.m2\repository\org\apache\xmlbeans\xmlbeans\2.6.0\xmlbeans-2.6.0.jar;C:\Users\admin\.m2\repository\stax\stax-api\1.0.1\stax-api-1.0.1.jar;C:\Users\admin\.m2\repository\com\github\virtuald\curvesapi\1.04\curvesapi-1.04.jar;"/>
    <property name="java.specification.name" value="Java Platform API Specification"/>
    <property name="java.class.version" value="52.0"/>
    <property name="sun.management.compiler" value="HotSpot 64-Bit Tiered Compilers"/>
    <property name="os.version" value="10.0"/>
    <property name="user.home" value="C:\Users\admin"/>
    <property name="user.timezone" value="Asia/Shanghai"/>
    <property name="java.awt.printerjob" value="sun.awt.windows.WPrinterJob"/>
    <property name="java.specification.version" value="1.8"/>
    <property name="file.encoding" value="UTF-8"/>
    <property name="user.name" value="admin"/>
    <property name="java.class.path" value="C:\Users\admin\git\ui\uiweb\target\test-classes;C:\Users\admin\git\ui\uiweb\target\classes;C:\Users\admin\.m2\repository\commons-net\commons-net\3.1\commons-net-3.1.jar;C:\Users\admin\git\ui\uiweb\libs\reportng-1.1.9.jar;C:\Users\admin\git\ui\uiweb\libs\velocity-1.7-dep.jar;C:\Users\admin\.m2\repository\javax\mail\mail\1.4.7\mail-1.4.7.jar;C:\Users\admin\.m2\repository\javax\activation\activation\1.1\activation-1.1.jar;C:\Users\admin\.m2\repository\com\aventstack\extentreports\3.0.3\extentreports-3.0.3.jar;C:\Users\admin\.m2\repository\org\freemarker\freemarker\2.3.23\freemarker-2.3.23.jar;C:\Users\admin\.m2\repository\org\mongodb\mongodb-driver\3.3.0\mongodb-driver-3.3.0.jar;C:\Users\admin\.m2\repository\org\mongodb\bson\3.3.0\bson-3.3.0.jar;C:\Users\admin\.m2\repository\org\mongodb\mongodb-driver-core\3.3.0\mongodb-driver-core-3.3.0.jar;C:\Users\admin\.m2\repository\org\apache\httpcomponents\httpclient\4.5.2\httpclient-4.5.2.jar;C:\Users\admin\.m2\repository\org\apache\httpcomponents\httpcore\4.4.4\httpcore-4.4.4.jar;C:\Users\admin\.m2\repository\org\apache\httpcomponents\httpmime\4.5.2\httpmime-4.5.2.jar;C:\Users\admin\.m2\repository\org\jsoup\jsoup\1.9.2\jsoup-1.9.2.jar;C:\Users\admin\.m2\repository\org\testng\testng\6.8\testng-6.8.jar;C:\Users\admin\.m2\repository\junit\junit\4.10\junit-4.10.jar;C:\Users\admin\.m2\repository\org\hamcrest\hamcrest-core\1.1\hamcrest-core-1.1.jar;C:\Users\admin\.m2\repository\org\beanshell\bsh\2.0b4\bsh-2.0b4.jar;C:\Users\admin\.m2\repository\com\beust\jcommander\1.27\jcommander-1.27.jar;C:\Users\admin\.m2\repository\org\yaml\snakeyaml\1.6\snakeyaml-1.6.jar;C:\Users\admin\.m2\repository\org\apache\commons\commons-lang3\3.4\commons-lang3-3.4.jar;C:\Users\admin\.m2\repository\log4j\log4j\1.2.16\log4j-1.2.16.jar;C:\Users\admin\.m2\repository\org\seleniumhq\selenium\selenium-java\2.53.0\selenium-java-2.53.0.jar;C:\Users\admin\.m2\repository\org\seleniumhq\selenium\selenium-chrome-driver\2.53.0\selenium-chrome-driver-2.53.0.jar;C:\Users\admin\.m2\repository\org\seleniumhq\selenium\selenium-remote-driver\2.53.0\selenium-remote-driver-2.53.0.jar;C:\Users\admin\.m2\repository\cglib\cglib-nodep\2.1_3\cglib-nodep-2.1_3.jar;C:\Users\admin\.m2\repository\org\seleniumhq\selenium\selenium-api\2.53.0\selenium-api-2.53.0.jar;C:\Users\admin\.m2\repository\org\seleniumhq\selenium\selenium-edge-driver\2.53.0\selenium-edge-driver-2.53.0.jar;C:\Users\admin\.m2\repository\commons-io\commons-io\2.4\commons-io-2.4.jar;C:\Users\admin\.m2\repository\org\apache\commons\commons-exec\1.3\commons-exec-1.3.jar;C:\Users\admin\.m2\repository\org\seleniumhq\selenium\selenium-firefox-driver\2.53.0\selenium-firefox-driver-2.53.0.jar;C:\Users\admin\.m2\repository\org\seleniumhq\selenium\selenium-ie-driver\2.53.0\selenium-ie-driver-2.53.0.jar;C:\Users\admin\.m2\repository\net\java\dev\jna\jna\4.1.0\jna-4.1.0.jar;C:\Users\admin\.m2\repository\net\java\dev\jna\jna-platform\4.1.0\jna-platform-4.1.0.jar;C:\Users\admin\.m2\repository\org\seleniumhq\selenium\selenium-safari-driver\2.53.0\selenium-safari-driver-2.53.0.jar;C:\Users\admin\.m2\repository\io\netty\netty\3.5.7.Final\netty-3.5.7.Final.jar;C:\Users\admin\.m2\repository\org\seleniumhq\selenium\selenium-support\2.53.0\selenium-support-2.53.0.jar;C:\Users\admin\.m2\repository\org\seleniumhq\selenium\selenium-leg-rc\2.53.0\selenium-leg-rc-2.53.0.jar;C:\Users\admin\.m2\repository\com\thoughtworks\qdox\qdox\1.12.1\qdox-1.12.1.jar;C:\Users\admin\.m2\repository\io\appium\java-client\3.3.0\java-client-3.3.0.jar;C:\Users\admin\.m2\repository\com\google\code\gson\gson\2.2.4\gson-2.2.4.jar;C:\Users\admin\.m2\repository\com\google\guava\guava\17.0\guava-17.0.jar;C:\Users\admin\.m2\repository\cglib\cglib\3.1\cglib-3.1.jar;C:\Users\admin\.m2\repository\org\ow2\asm\asm\4.2\asm-4.2.jar;C:\Users\admin\.m2\repository\commons-validator\commons-validator\1.4.1\commons-validator-1.4.1.jar;C:\Users\admin\.m2\repository\commons-beanutils\commons-beanutils\1.8.3\commons-beanutils-1.8.3.jar;C:\Users\admin\.m2\repository\commons-digester\commons-digester\1.8.1\commons-digester-1.8.1.jar;C:\Users\admin\.m2\repository\commons-collections\commons-collections\3.2.1\commons-collections-3.2.1.jar;C:\Users\admin\.m2\repository\au\com\bytecode\opencsv\2.4\opencsv-2.4.jar;C:\Users\admin\.m2\repository\commons-httpclient\commons-httpclient\3.0\commons-httpclient-3.0.jar;C:\Users\admin\.m2\repository\commons-logging\commons-logging\1.0.3\commons-logging-1.0.3.jar;C:\Users\admin\.m2\repository\commons-codec\commons-codec\1.2\commons-codec-1.2.jar;C:\Users\admin\.m2\repository\com\google\inject\guice\4.0\guice-4.0.jar;C:\Users\admin\.m2\repository\javax\inject\javax.inject\1\javax.inject-1.jar;C:\Users\admin\.m2\repository\aopalliance\aopalliance\1.0\aopalliance-1.0.jar;C:\Users\admin\.m2\repository\mysql\mysql-connector-java\5.1.33\mysql-connector-java-5.1.33.jar;C:\Users\admin\.m2\repository\dom4j\dom4j\1.6.1\dom4j-1.6.1.jar;C:\Users\admin\.m2\repository\xml-apis\xml-apis\1.0.b2\xml-apis-1.0.b2.jar;C:\Users\admin\.m2\repository\org\apache\poi\poi-ooxml\3.16\poi-ooxml-3.16.jar;C:\Users\admin\.m2\repository\org\apache\poi\poi\3.16\poi-3.16.jar;C:\Users\admin\.m2\repository\org\apache\commons\commons-collections4\4.1\commons-collections4-4.1.jar;C:\Users\admin\.m2\repository\org\apache\poi\poi-ooxml-schemas\3.16\poi-ooxml-schemas-3.16.jar;C:\Users\admin\.m2\repository\org\apache\xmlbeans\xmlbeans\2.6.0\xmlbeans-2.6.0.jar;C:\Users\admin\.m2\repository\stax\stax-api\1.0.1\stax-api-1.0.1.jar;C:\Users\admin\.m2\repository\com\github\virtuald\curvesapi\1.04\curvesapi-1.04.jar;"/>
    <property name="java.vm.specification.version" value="1.8"/>
    <property name="sun.arch.data.model" value="64"/>
    <property name="java.home" value="C:\Program Files\Java\jre1.8.0_161"/>
    <property name="sun.java.command" value="C:\Users\admin\AppData\Local\Temp\surefirebooter8931820319142860822.jar C:\Users\admin\AppData\Local\Temp\surefire271889880320788934tmp C:\Users\admin\AppData\Local\Temp\surefire9073270499444800121tmp"/>
    <property name="java.specification.vendor" value="Oracle Corporation"/>
    <property name="user.language" value="zh"/>
    <property name="awt.toolkit" value="sun.awt.windows.WToolkit"/>
    <property name="java.vm.info" value="mixed mode"/>
    <property name="java.version" value="1.8.0_161"/>
    <property name="java.ext.dirs" value="C:\Program Files\Java\jre1.8.0_161\lib\ext;C:\WINDOWS\Sun\Java\lib\ext"/>
    <property name="sun.boot.class.path" value="C:\Program Files\Java\jre1.8.0_161\lib\resources.jar;C:\Program Files\Java\jre1.8.0_161\lib\rt.jar;C:\Program Files\Java\jre1.8.0_161\lib\sunrsasign.jar;C:\Program Files\Java\jre1.8.0_161\lib\jsse.jar;C:\Program Files\Java\jre1.8.0_161\lib\jce.jar;C:\Program Files\Java\jre1.8.0_161\lib\charsets.jar;C:\Program Files\Java\jre1.8.0_161\lib\jfr.jar;C:\Program Files\Java\jre1.8.0_161\classes"/>
    <property name="webdriver.chrome.driver" value="C:\Users\admin\fsworkspace2-eclipse\webui\src\main\resources\chromedriver.exe"/>
    <property name="java.vendor" value="Oracle Corporation"/>
    <property name="org.uncommons.reportng.escape-output" value="false"/>
    <property name="localRepository" value="C:\Users\admin\.m2\repository"/>
    <property name="file.separator" value="\"/>
    <property name="java.vendor.url.bug" value="http://bugreport.sun.com/bugreport/"/>
    <property name="sun.cpu.endian" value="little"/>
    <property name="sun.io.unicode.encoding" value="UnicodeLittle"/>
    <property name="sun.desktop" value="windows"/>
    <property name="sun.cpu.isalist" value="amd64"/>
  </properties>
  <testcase classname="test.LunBoTest" name="addSYLB" time="16.18">
    <failure message="断言结果：轮播图位置已满，请先删除广告位！" type="java.lang.AssertionError">java.lang.AssertionError: 断言结果：轮播图位置已满，请先删除广告位！
	at org.testng.Assert.fail(Assert.java:94)
	at org.testng.Assert.assertNotEquals(Assert.java:758)
	at common.AssertUtil.assertNotEquals(AssertUtil.java:30)
	at pages.lunbo.SYLBPage.checkPicNum(SYLBPage.java:94)
	at pages.lunbo.SYLBPage.addSYLB(SYLBPage.java:49)
	at test.LunBoTest.addSYLB(LunBoTest.java:56)
</failure>
  </testcase>
  <testcase classname="test.LunBoTest" name="addSYLB" time="16.074">
    <failure message="断言结果：轮播图位置已满，请先删除广告位！" type="java.lang.AssertionError">java.lang.AssertionError: 断言结果：轮播图位置已满，请先删除广告位！
	at org.testng.Assert.fail(Assert.java:94)
	at org.testng.Assert.assertNotEquals(Assert.java:758)
	at common.AssertUtil.assertNotEquals(AssertUtil.java:30)
	at pages.lunbo.SYLBPage.checkPicNum(SYLBPage.java:94)
	at pages.lunbo.SYLBPage.addSYLB(SYLBPage.java:49)
	at test.LunBoTest.addSYLB(LunBoTest.java:56)
</failure>
  </testcase>
  <testcase classname="test.LunBoTest" name="addSYLB" time="15.794">
    <failure message="断言结果：轮播图位置已满，请先删除广告位！" type="java.lang.AssertionError">java.lang.AssertionError: 断言结果：轮播图位置已满，请先删除广告位！
	at org.testng.Assert.fail(Assert.java:94)
	at org.testng.Assert.assertNotEquals(Assert.java:758)
	at common.AssertUtil.assertNotEquals(AssertUtil.java:30)
	at pages.lunbo.SYLBPage.checkPicNum(SYLBPage.java:94)
	at pages.lunbo.SYLBPage.addSYLB(SYLBPage.java:49)
	at test.LunBoTest.addSYLB(LunBoTest.java:56)
</failure>
  </testcase>
  <testcase classname="test.LunBoTest" name="addZBTG" time="15.944">
    <failure message="断言结果：轮播图位置已满，请先删除广告位！" type="java.lang.AssertionError">java.lang.AssertionError: 断言结果：轮播图位置已满，请先删除广告位！
	at org.testng.Assert.fail(Assert.java:94)
	at org.testng.Assert.assertNotEquals(Assert.java:758)
	at common.AssertUtil.assertNotEquals(AssertUtil.java:30)
	at pages.lunbo.SYLBPage.checkPicNum(SYLBPage.java:94)
	at pages.lunbo.ZBTGPage.addZBTG(ZBTGPage.java:31)
	at test.LunBoTest.addZBTG(LunBoTest.java:68)
</failure>
  </testcase>
  <testcase classname="test.LunBoTest" name="addZBTG" time="15.803">
    <failure message="断言结果：轮播图位置已满，请先删除广告位！" type="java.lang.AssertionError">java.lang.AssertionError: 断言结果：轮播图位置已满，请先删除广告位！
	at org.testng.Assert.fail(Assert.java:94)
	at org.testng.Assert.assertNotEquals(Assert.java:758)
	at common.AssertUtil.assertNotEquals(AssertUtil.java:30)
	at pages.lunbo.SYLBPage.checkPicNum(SYLBPage.java:94)
	at pages.lunbo.ZBTGPage.addZBTG(ZBTGPage.java:31)
	at test.LunBoTest.addZBTG(LunBoTest.java:68)
</failure>
  </testcase>
  <testcase classname="test.LunBoTest" name="addZBTG" time="15.904">
    <failure message="断言结果：轮播图位置已满，请先删除广告位！" type="java.lang.AssertionError">java.lang.AssertionError: 断言结果：轮播图位置已满，请先删除广告位！
	at org.testng.Assert.fail(Assert.java:94)
	at org.testng.Assert.assertNotEquals(Assert.java:758)
	at common.AssertUtil.assertNotEquals(AssertUtil.java:30)
	at pages.lunbo.SYLBPage.checkPicNum(SYLBPage.java:94)
	at pages.lunbo.ZBTGPage.addZBTG(ZBTGPage.java:31)
	at test.LunBoTest.addZBTG(LunBoTest.java:68)
</failure>
  </testcase>
  <testcase classname="test.LunBoTest" name="addJFSC" time="15.909">
    <failure message="断言结果：轮播图位置已满，请先删除广告位！" type="java.lang.AssertionError">java.lang.AssertionError: 断言结果：轮播图位置已满，请先删除广告位！
	at org.testng.Assert.fail(Assert.java:94)
	at org.testng.Assert.assertNotEquals(Assert.java:758)
	at common.AssertUtil.assertNotEquals(AssertUtil.java:30)
	at pages.lunbo.SYLBPage.checkPicNum(SYLBPage.java:94)
	at pages.lunbo.JFSCPage.addJFSC(JFSCPage.java:27)
	at test.LunBoTest.addJFSC(LunBoTest.java:80)
</failure>
  </testcase>
  <testcase classname="test.LunBoTest" name="addJFSC" time="15.93">
    <failure message="断言结果：轮播图位置已满，请先删除广告位！" type="java.lang.AssertionError">java.lang.AssertionError: 断言结果：轮播图位置已满，请先删除广告位！
	at org.testng.Assert.fail(Assert.java:94)
	at org.testng.Assert.assertNotEquals(Assert.java:758)
	at common.AssertUtil.assertNotEquals(AssertUtil.java:30)
	at pages.lunbo.SYLBPage.checkPicNum(SYLBPage.java:94)
	at pages.lunbo.JFSCPage.addJFSC(JFSCPage.java:27)
	at test.LunBoTest.addJFSC(LunBoTest.java:80)
</failure>
  </testcase>
  <testcase classname="test.LunBoTest" name="addJFSC" time="29.653">
    <failure message="断言结果：轮播图位置已满，请先删除广告位！" type="java.lang.AssertionError">java.lang.AssertionError: 断言结果：轮播图位置已满，请先删除广告位！
	at org.testng.Assert.fail(Assert.java:94)
	at org.testng.Assert.assertNotEquals(Assert.java:758)
	at common.AssertUtil.assertNotEquals(AssertUtil.java:30)
	at pages.lunbo.SYLBPage.checkPicNum(SYLBPage.java:94)
	at pages.lunbo.JFSCPage.addJFSC(JFSCPage.java:27)
	at test.LunBoTest.addJFSC(LunBoTest.java:80)
</failure>
  </testcase>
  <testcase classname="test.LunBoTest" name="addZBRK" time="18.132"/>
  <testcase classname="test.LunBoTest" name="addJFRK" time="17.733"/>
  <testcase classname="test.LunBoTest" name="addApp" time="17.157"/>
  <testcase classname="test.TGTest" name="tuangou_xiadan" time="22.481"/>
</testsuite>